2024-10-22 09:28:31.283  INFO 8380 --- [restartedMain] com.CRM.Backend.CrmApplication           : Starting CrmApplication using Java 20.0.2 on chedi-HP-15-Notebook-PC with PID 8380 (/home/chedi/backendCrm/Backend-CRM-MS-commande/target/classes started by chedi in /home/chedi/backendCrm/Backend-CRM-MS-commande)
2024-10-22 09:28:31.287  INFO 8380 --- [restartedMain] com.CRM.Backend.CrmApplication           : No active profile set, falling back to 1 default profile: "default"
2024-10-22 09:28:31.369  INFO 8380 --- [restartedMain] .e.DevToolsPropertyDefaultsPostProcessor : Devtools property defaults active! Set 'spring.devtools.add-properties' to 'false' to disable
2024-10-22 09:28:31.369  INFO 8380 --- [restartedMain] .e.DevToolsPropertyDefaultsPostProcessor : For additional web related logging consider setting the 'logging.level.web' property to 'DEBUG'
2024-10-22 09:28:32.355  INFO 8380 --- [restartedMain] .s.d.r.c.RepositoryConfigurationDelegate : Bootstrapping Spring Data JPA repositories in DEFAULT mode.
2024-10-22 09:28:32.409  INFO 8380 --- [restartedMain] .s.d.r.c.RepositoryConfigurationDelegate : Finished Spring Data repository scanning in 46 ms. Found 8 JPA repository interfaces.
2024-10-22 09:28:32.633  INFO 8380 --- [restartedMain] o.s.cloud.context.scope.GenericScope     : BeanFactory id=c8b082b7-e292-3ef7-b93a-dd48dd9deb2c
2024-10-22 09:28:33.273  INFO 8380 --- [restartedMain] o.s.b.w.embedded.tomcat.TomcatWebServer  : Tomcat initialized with port(s): 9999 (http)
2024-10-22 09:28:33.281  INFO 8380 --- [restartedMain] o.apache.catalina.core.StandardService   : Starting service [Tomcat]
2024-10-22 09:28:33.282  INFO 8380 --- [restartedMain] org.apache.catalina.core.StandardEngine  : Starting Servlet engine: [Apache Tomcat/9.0.71]
2024-10-22 09:28:33.344  INFO 8380 --- [restartedMain] o.a.c.c.C.[Tomcat].[localhost].[/]       : Initializing Spring embedded WebApplicationContext
2024-10-22 09:28:33.344  INFO 8380 --- [restartedMain] w.s.c.ServletWebServerApplicationContext : Root WebApplicationContext: initialization completed in 1975 ms
2024-10-22 09:28:33.537  INFO 8380 --- [restartedMain] o.hibernate.jpa.internal.util.LogHelper  : HHH000204: Processing PersistenceUnitInfo [name: default]
2024-10-22 09:28:33.608  INFO 8380 --- [restartedMain] org.hibernate.Version                    : HHH000412: Hibernate ORM core version 5.6.14.Final
2024-10-22 09:28:33.798  INFO 8380 --- [restartedMain] o.hibernate.annotations.common.Version   : HCANN000001: Hibernate Commons Annotations {5.1.2.Final}
2024-10-22 09:28:33.882  INFO 8380 --- [restartedMain] com.zaxxer.hikari.HikariDataSource       : HikariPool-1 - Starting...
2024-10-22 09:28:34.206  INFO 8380 --- [restartedMain] com.zaxxer.hikari.HikariDataSource       : HikariPool-1 - Start completed.
2024-10-22 09:28:34.223  INFO 8380 --- [restartedMain] org.hibernate.dialect.Dialect            : HHH000400: Using dialect: org.hibernate.dialect.PostgreSQLDialect
2024-10-22 09:28:34.942  INFO 8380 --- [restartedMain] o.h.e.t.j.p.i.JtaPlatformInitiator       : HHH000490: Using JtaPlatform implementation: [org.hibernate.engine.transaction.jta.platform.internal.NoJtaPlatform]
2024-10-22 09:28:34.947  INFO 8380 --- [restartedMain] j.LocalContainerEntityManagerFactoryBean : Initialized JPA EntityManagerFactory for persistence unit 'default'
2024-10-22 09:28:35.425  WARN 8380 --- [restartedMain] JpaBaseConfiguration$JpaWebConfiguration : spring.jpa.open-in-view is enabled by default. Therefore, database queries may be performed during view rendering. Explicitly configure spring.jpa.open-in-view to disable this warning
2024-10-22 09:28:35.477  INFO 8380 --- [restartedMain] o.s.b.d.a.OptionalLiveReloadServer       : LiveReload server is running on port 35729
2024-10-22 09:28:35.883 DEBUG 8380 --- [restartedMain] s.w.s.m.m.a.RequestMappingHandlerMapping : 35 mappings in 'requestMappingHandlerMapping'
2024-10-22 09:28:35.976 DEBUG 8380 --- [restartedMain] o.s.w.s.s.s.WebSocketHandlerMapping      : Patterns [/ws/**] in 'stompWebSocketHandlerMapping'
2024-10-22 09:28:36.053 DEBUG 8380 --- [restartedMain] s.w.s.m.m.a.RequestMappingHandlerAdapter : ControllerAdvice beans: 0 @ModelAttribute, 0 @InitBinder, 1 RequestBodyAdvice, 1 ResponseBodyAdvice
2024-10-22 09:28:36.080 DEBUG 8380 --- [restartedMain] o.s.w.s.handler.SimpleUrlHandlerMapping  : Patterns [/swagger-ui/] in 'viewControllerHandlerMapping'
2024-10-22 09:28:36.103 DEBUG 8380 --- [restartedMain] o.s.w.s.handler.SimpleUrlHandlerMapping  : Patterns [/webjars/**, /**, /swagger-ui/**] in 'resourceHandlerMapping'
2024-10-22 09:28:36.118 DEBUG 8380 --- [restartedMain] .m.m.a.ExceptionHandlerExceptionResolver : ControllerAdvice beans: 0 @ExceptionHandler, 1 ResponseBodyAdvice
2024-10-22 09:28:36.484  INFO 8380 --- [restartedMain] o.s.b.w.embedded.tomcat.TomcatWebServer  : Tomcat started on port(s): 9999 (http) with context path ''
2024-10-22 09:28:37.004 DEBUG 8380 --- [restartedMain] org.springframework.web.SimpLogging      : clientOutboundChannel added SubProtocolWebSocketHandler[StompSubProtocolHandler[v10.stomp, v11.stomp, v12.stomp]]
2024-10-22 09:28:37.004 DEBUG 8380 --- [restartedMain] org.springframework.web.SimpLogging      : ExecutorSubscribableChannel@16d38db3 added SimpAnnotationMethodMessageHandler[prefixes=[/app/]]
2024-10-22 09:28:37.004  INFO 8380 --- [restartedMain] o.s.m.s.b.SimpleBrokerMessageHandler     : Starting...
2024-10-22 09:28:37.005 DEBUG 8380 --- [restartedMain] org.springframework.web.SimpLogging      : ExecutorSubscribableChannel@20f93003 added SimpleBrokerMessageHandler [DefaultSubscriptionRegistry[cache[0 destination(s)], registry[0 sessions]]]
2024-10-22 09:28:37.005 DEBUG 8380 --- [restartedMain] org.springframework.web.SimpLogging      : ExecutorSubscribableChannel@3314ba25 added SimpleBrokerMessageHandler [DefaultSubscriptionRegistry[cache[0 destination(s)], registry[0 sessions]]]
2024-10-22 09:28:37.005  INFO 8380 --- [restartedMain] o.s.m.s.b.SimpleBrokerMessageHandler     : BrokerAvailabilityEvent[available=true, SimpleBrokerMessageHandler [DefaultSubscriptionRegistry[cache[0 destination(s)], registry[0 sessions]]]]
2024-10-22 09:28:37.005  INFO 8380 --- [restartedMain] o.s.m.s.b.SimpleBrokerMessageHandler     : Started.
2024-10-22 09:28:37.006 DEBUG 8380 --- [restartedMain] org.springframework.web.SimpLogging      : ExecutorSubscribableChannel@4f325771 added UserDestinationMessageHandler[DefaultUserDestinationResolver[prefix=/user/]]
2024-10-22 09:28:37.006 DEBUG 8380 --- [restartedMain] org.springframework.web.SimpLogging      : ExecutorSubscribableChannel@21d16324 added UserDestinationMessageHandler[DefaultUserDestinationResolver[prefix=/user/]]
2024-10-22 09:28:37.015  INFO 8380 --- [restartedMain] com.CRM.Backend.CrmApplication           : Started CrmApplication in 6.509 seconds (JVM running for 8.134)
2024-10-22 09:29:35.984  INFO 8380 --- [MessageBroker-2] o.s.w.s.c.WebSocketMessageBrokerStats    : WebSocketSession[0 current WS(0)-HttpStream(0)-HttpPoll(0), 0 total, 0 closed abnormally (0 connect failure, 0 send limit, 0 transport error)], stompSubProtocol[processed CONNECT(0)-CONNECTED(0)-DISCONNECT(0)], stompBrokerRelay[null], inboundChannel[pool size = 0, active threads = 0, queued tasks = 0, completed tasks = 0], outboundChannel[pool size = 0, active threads = 0, queued tasks = 0, completed tasks = 0], sockJsScheduler[pool size = 4, active threads = 1, queued tasks = 1, completed tasks = 10]
2024-10-22 09:29:56.134  INFO 8380 --- [http-nio-9999-exec-2] o.a.c.c.C.[Tomcat].[localhost].[/]       : Initializing Spring DispatcherServlet 'dispatcherServlet'
2024-10-22 09:29:56.134  INFO 8380 --- [http-nio-9999-exec-2] o.s.web.servlet.DispatcherServlet        : Initializing Servlet 'dispatcherServlet'
2024-10-22 09:29:56.135 DEBUG 8380 --- [http-nio-9999-exec-2] o.s.web.servlet.DispatcherServlet        : Detected StandardServletMultipartResolver
2024-10-22 09:29:56.135 DEBUG 8380 --- [http-nio-9999-exec-2] o.s.web.servlet.DispatcherServlet        : Detected AcceptHeaderLocaleResolver
2024-10-22 09:29:56.135 DEBUG 8380 --- [http-nio-9999-exec-2] o.s.web.servlet.DispatcherServlet        : Detected FixedThemeResolver
2024-10-22 09:29:56.136 DEBUG 8380 --- [http-nio-9999-exec-2] o.s.web.servlet.DispatcherServlet        : Detected org.springframework.web.servlet.view.DefaultRequestToViewNameTranslator@5b9e3efb
2024-10-22 09:29:56.136 DEBUG 8380 --- [http-nio-9999-exec-2] o.s.web.servlet.DispatcherServlet        : Detected org.springframework.web.servlet.support.SessionFlashMapManager@1ddc094f
2024-10-22 09:29:56.136 DEBUG 8380 --- [http-nio-9999-exec-2] o.s.web.servlet.DispatcherServlet        : enableLoggingRequestDetails='false': request parameters and headers will be masked to prevent unsafe logging of potentially sensitive data
2024-10-22 09:29:56.136  INFO 8380 --- [http-nio-9999-exec-2] o.s.web.servlet.DispatcherServlet        : Completed initialization in 2 ms
2024-10-22 09:29:56.142 DEBUG 8380 --- [http-nio-9999-exec-2] o.s.web.servlet.DispatcherServlet        : POST "/api/categorie/AddFacture/169", parameters={}
2024-10-22 09:29:56.147 DEBUG 8380 --- [http-nio-9999-exec-2] s.w.s.m.m.a.RequestMappingHandlerMapping : Mapped to com.CRM.Backend.controllers.FactureController#addFacture(Long)
2024-10-22 09:29:56.200 DEBUG 8380 --- [http-nio-9999-exec-2] o.s.w.s.m.m.a.HttpEntityMethodProcessor  : Using 'application/json', given [*/*] and supported [application/json, application/*+json, application/json, application/*+json]
2024-10-22 09:29:56.201 DEBUG 8380 --- [http-nio-9999-exec-2] o.s.w.s.m.m.a.HttpEntityMethodProcessor  : Writing [[]]
2024-10-22 09:29:56.211 DEBUG 8380 --- [http-nio-9999-exec-2] o.s.web.servlet.DispatcherServlet        : Completed 200 OK
2024-10-22 09:30:00.823 DEBUG 8380 --- [http-nio-9999-exec-3] o.s.web.servlet.DispatcherServlet        : POST "/api/categorie/AddFacture/166", parameters={}
2024-10-22 09:30:00.824 DEBUG 8380 --- [http-nio-9999-exec-3] s.w.s.m.m.a.RequestMappingHandlerMapping : Mapped to com.CRM.Backend.controllers.FactureController#addFacture(Long)
2024-10-22 09:30:00.833 DEBUG 8380 --- [http-nio-9999-exec-3] o.s.w.s.m.m.a.HttpEntityMethodProcessor  : Using 'application/json', given [*/*] and supported [application/json, application/*+json, application/json, application/*+json]
2024-10-22 09:30:00.833 DEBUG 8380 --- [http-nio-9999-exec-3] o.s.w.s.m.m.a.HttpEntityMethodProcessor  : Writing [[]]
2024-10-22 09:30:00.834 DEBUG 8380 --- [http-nio-9999-exec-3] o.s.web.servlet.DispatcherServlet        : Completed 200 OK
2024-10-22 09:30:04.407 DEBUG 8380 --- [http-nio-9999-exec-4] o.s.web.servlet.DispatcherServlet        : POST "/api/categorie/AddFacture/170", parameters={}
2024-10-22 09:30:04.408 DEBUG 8380 --- [http-nio-9999-exec-4] s.w.s.m.m.a.RequestMappingHandlerMapping : Mapped to com.CRM.Backend.controllers.FactureController#addFacture(Long)
2024-10-22 09:30:04.414 DEBUG 8380 --- [http-nio-9999-exec-4] o.s.w.s.m.m.a.HttpEntityMethodProcessor  : Using 'application/json', given [*/*] and supported [application/json, application/*+json, application/json, application/*+json]
2024-10-22 09:30:04.414 DEBUG 8380 --- [http-nio-9999-exec-4] o.s.w.s.m.m.a.HttpEntityMethodProcessor  : Writing [[]]
2024-10-22 09:30:04.415 DEBUG 8380 --- [http-nio-9999-exec-4] o.s.web.servlet.DispatcherServlet        : Completed 200 OK
2024-10-22 09:30:09.596 DEBUG 8380 --- [http-nio-9999-exec-5] o.s.web.servlet.DispatcherServlet        : POST "/api/categorie/AddFacture/171", parameters={}
2024-10-22 09:30:09.597 DEBUG 8380 --- [http-nio-9999-exec-5] s.w.s.m.m.a.RequestMappingHandlerMapping : Mapped to com.CRM.Backend.controllers.FactureController#addFacture(Long)
2024-10-22 09:30:09.604 DEBUG 8380 --- [http-nio-9999-exec-5] o.s.w.s.m.m.a.HttpEntityMethodProcessor  : Using 'application/json', given [*/*] and supported [application/json, application/*+json, application/json, application/*+json]
2024-10-22 09:30:09.604 DEBUG 8380 --- [http-nio-9999-exec-5] o.s.w.s.m.m.a.HttpEntityMethodProcessor  : Writing [[]]
2024-10-22 09:30:09.605 DEBUG 8380 --- [http-nio-9999-exec-5] o.s.web.servlet.DispatcherServlet        : Completed 200 OK
2024-10-22 09:31:36.871 DEBUG 8380 --- [http-nio-9999-exec-8] o.s.web.servlet.DispatcherServlet        : POST "/api/categorie/AddFacture/171", parameters={}
2024-10-22 09:31:36.871 DEBUG 8380 --- [http-nio-9999-exec-8] s.w.s.m.m.a.RequestMappingHandlerMapping : Mapped to com.CRM.Backend.controllers.FactureController#addFacture(Long)
2024-10-22 09:31:36.894 DEBUG 8380 --- [http-nio-9999-exec-8] o.s.w.s.m.m.a.HttpEntityMethodProcessor  : Using 'application/json', given [*/*] and supported [application/json, application/*+json, application/json, application/*+json]
2024-10-22 09:31:36.894 DEBUG 8380 --- [http-nio-9999-exec-8] o.s.w.s.m.m.a.HttpEntityMethodProcessor  : Writing [[]]
2024-10-22 09:31:36.895 DEBUG 8380 --- [http-nio-9999-exec-8] o.s.web.servlet.DispatcherServlet        : Completed 200 OK
2024-10-22 09:31:39.538 DEBUG 8380 --- [http-nio-9999-exec-9] o.s.web.servlet.DispatcherServlet        : POST "/api/categorie/AddFacture/170", parameters={}
2024-10-22 09:31:39.538 DEBUG 8380 --- [http-nio-9999-exec-9] s.w.s.m.m.a.RequestMappingHandlerMapping : Mapped to com.CRM.Backend.controllers.FactureController#addFacture(Long)
2024-10-22 09:31:39.544 DEBUG 8380 --- [http-nio-9999-exec-9] o.s.w.s.m.m.a.HttpEntityMethodProcessor  : Using 'application/json', given [*/*] and supported [application/json, application/*+json, application/json, application/*+json]
2024-10-22 09:31:39.545 DEBUG 8380 --- [http-nio-9999-exec-9] o.s.w.s.m.m.a.HttpEntityMethodProcessor  : Writing [[]]
2024-10-22 09:31:39.546 DEBUG 8380 --- [http-nio-9999-exec-9] o.s.web.servlet.DispatcherServlet        : Completed 200 OK
2024-10-22 09:31:41.853 DEBUG 8380 --- [http-nio-9999-exec-10] o.s.web.servlet.DispatcherServlet        : POST "/api/categorie/AddFacture/171", parameters={}
2024-10-22 09:31:41.854 DEBUG 8380 --- [http-nio-9999-exec-10] s.w.s.m.m.a.RequestMappingHandlerMapping : Mapped to com.CRM.Backend.controllers.FactureController#addFacture(Long)
2024-10-22 09:31:41.859 DEBUG 8380 --- [http-nio-9999-exec-10] o.s.w.s.m.m.a.HttpEntityMethodProcessor  : Using 'application/json', given [*/*] and supported [application/json, application/*+json, application/json, application/*+json]
2024-10-22 09:31:41.859 DEBUG 8380 --- [http-nio-9999-exec-10] o.s.w.s.m.m.a.HttpEntityMethodProcessor  : Writing [[]]
2024-10-22 09:31:41.860 DEBUG 8380 --- [http-nio-9999-exec-10] o.s.web.servlet.DispatcherServlet        : Completed 200 OK
2024-10-22 09:32:05.401 DEBUG 8380 --- [http-nio-9999-exec-1] o.s.web.servlet.DispatcherServlet        : POST "/api/categorie/AddFacture/173", parameters={}
2024-10-22 09:32:05.407 DEBUG 8380 --- [http-nio-9999-exec-1] s.w.s.m.m.a.RequestMappingHandlerMapping : Mapped to com.CRM.Backend.controllers.FactureController#addFacture(Long)
2024-10-22 09:32:05.436 DEBUG 8380 --- [http-nio-9999-exec-1] o.s.w.s.m.m.a.HttpEntityMethodProcessor  : Using 'application/json', given [*/*] and supported [application/json, application/*+json, application/json, application/*+json]
2024-10-22 09:32:05.436 DEBUG 8380 --- [http-nio-9999-exec-1] o.s.w.s.m.m.a.HttpEntityMethodProcessor  : Writing [[]]
2024-10-22 09:32:05.437 DEBUG 8380 --- [http-nio-9999-exec-1] o.s.web.servlet.DispatcherServlet        : Completed 200 OK
